<?xml version="1.0" encoding="UTF-8"?>
<!-- Generated by org.testng.reporters.JUnitXMLReporter -->
<testsuite hostname="Lenovo-PC" ignored="0" name="Test" tests="4" failures="0" timestamp="03 Apr 2018 19:34:36 GMT" time="0.453" errors="0">
  <testcase name="testCase1" time="0.303" classname="com.selenium.PageobjectModel.TestMethod2"/>
  <testcase name="testCase2" time="0.02" classname="com.selenium.PageobjectModel.TestMethod2"/>
  <testcase name="testCase1" time="0.02" classname="com.selenium.PageobjectModel.TestMethods1"/>
  <testcase name="testCase2" time="0.02" classname="com.selenium.PageobjectModel.TestMethods1"/>
</testsuite> <!-- Test -->
